
DESKTOP-DN35MHE	Wed Oct 30 01:01:57 2019
	Shutting down the server with 1 active connection(s) to 1 database(s), 0 active service(s)


DESKTOP-DN35MHE	Tue Nov 12 20:14:53 2019
	Shutting down the server with 1 active connection(s) to 1 database(s), 0 active service(s)


DESKTOP-DN35MHE	Wed Nov 13 00:24:46 2019
	Shutting down the server with 1 active connection(s) to 1 database(s), 0 active service(s)


DESKTOP-DN35MHE	Sun Nov 17 17:52:39 2019
	Shutting down the server with 1 active connection(s) to 1 database(s), 0 active service(s)


DESKTOP-DN35MHE	Sun Nov 17 18:19:14 2019
	Shutting down the server with 1 active connection(s) to 1 database(s), 0 active service(s)


DESKTOP-DN35MHE	Sun Nov 17 18:19:45 2019
	Shutting down the server with 1 active connection(s) to 1 database(s), 0 active service(s)


DESKTOP-DN35MHE	Sun Nov 17 23:08:02 2019
	Shutting down the server with 1 active connection(s) to 1 database(s), 0 active service(s)


DESKTOP-DN35MHE	Sun Nov 17 23:10:39 2019
	Shutting down the server with 1 active connection(s) to 1 database(s), 0 active service(s)


DESKTOP-DN35MHE	Sun Nov 17 23:12:28 2019
	Shutting down the server with 1 active connection(s) to 1 database(s), 0 active service(s)


DESKTOP-DN35MHE	Sun Nov 17 23:14:30 2019
	Shutting down the server with 1 active connection(s) to 1 database(s), 0 active service(s)


DESKTOP-DN35MHE	Sun Nov 17 23:15:55 2019
	Shutting down the server with 1 active connection(s) to 1 database(s), 0 active service(s)


DESKTOP-DN35MHE	Sun Nov 17 23:17:02 2019
	Shutting down the server with 1 active connection(s) to 1 database(s), 0 active service(s)


DESKTOP-DN35MHE	Sun Nov 17 23:34:59 2019
	Shutting down the server with 1 active connection(s) to 1 database(s), 0 active service(s)


DESKTOP-DN35MHE	Sun Nov 17 23:37:02 2019
	Shutting down the server with 1 active connection(s) to 1 database(s), 0 active service(s)


DESKTOP-DN35MHE	Sun Nov 17 23:38:22 2019
	Shutting down the server with 1 active connection(s) to 1 database(s), 0 active service(s)


DESKTOP-DN35MHE	Mon Nov 18 00:52:28 2019
	Shutting down the server with 1 active connection(s) to 1 database(s), 0 active service(s)


DESKTOP-DN35MHE	Mon Nov 18 00:59:53 2019
	Shutting down the server with 1 active connection(s) to 1 database(s), 0 active service(s)


DESKTOP-DN35MHE	Mon Nov 18 01:13:58 2019
	Shutting down the server with 1 active connection(s) to 1 database(s), 0 active service(s)


DESKTOP-DN35MHE	Mon Nov 18 01:17:05 2019
	Shutting down the server with 1 active connection(s) to 1 database(s), 0 active service(s)


DESKTOP-0I6KPES	Wed Nov 20 12:20:31 2019
	Shutting down the server with 1 active connection(s) to 1 database(s), 0 active service(s)


DESKTOP-0I6KPES	Fri Nov 22 13:35:22 2019
	Shutting down the server with 1 active connection(s) to 1 database(s), 0 active service(s)


DESKTOP-0I6KPES	Fri Nov 22 13:55:40 2019
	Shutting down the server with 1 active connection(s) to 1 database(s), 0 active service(s)


DESKTOP-0I6KPES	Fri Nov 22 14:25:00 2019
	Shutting down the server with 1 active connection(s) to 1 database(s), 0 active service(s)


DESKTOP-0I6KPES	Fri Nov 22 14:27:23 2019
	Shutting down the server with 1 active connection(s) to 1 database(s), 0 active service(s)


DESKTOP-0I6KPES	Fri Nov 22 14:29:40 2019
	Shutting down the server with 1 active connection(s) to 1 database(s), 0 active service(s)


DESKTOP-0I6KPES	Fri Nov 22 14:31:28 2019
	Shutting down the server with 1 active connection(s) to 1 database(s), 0 active service(s)


DESKTOP-0I6KPES	Fri Nov 22 14:36:44 2019
	Shutting down the server with 1 active connection(s) to 1 database(s), 0 active service(s)


DESKTOP-0I6KPES	Fri Nov 22 14:39:47 2019
	Shutting down the server with 1 active connection(s) to 1 database(s), 0 active service(s)


DESKTOP-DN35MHE	Sat Nov 30 01:10:02 2019
	Shutting down the server with 1 active connection(s) to 1 database(s), 0 active service(s)


DESKTOP-DN35MHE	Sun Dec 01 16:58:38 2019
	Shutting down the server with 1 active connection(s) to 1 database(s), 0 active service(s)


DESKTOP-DN35MHE	Sun Dec 01 17:08:13 2019
	Shutting down the server with 1 active connection(s) to 1 database(s), 0 active service(s)


DESKTOP-DN35MHE	Sun Dec 01 17:13:33 2019
	Shutting down the server with 1 active connection(s) to 1 database(s), 0 active service(s)


DESKTOP-DN35MHE	Sun Dec 01 17:16:42 2019
	Shutting down the server with 1 active connection(s) to 1 database(s), 0 active service(s)


DESKTOP-DN35MHE	Sun Dec 01 17:17:11 2019
	Shutting down the server with 1 active connection(s) to 1 database(s), 0 active service(s)


DESKTOP-DN35MHE	Sun Dec 01 17:17:31 2019
	Shutting down the server with 1 active connection(s) to 1 database(s), 0 active service(s)


DESKTOP-DN35MHE	Sun Dec 01 17:18:49 2019
	Shutting down the server with 1 active connection(s) to 1 database(s), 0 active service(s)


DESKTOP-DN35MHE	Sun Dec 01 17:23:31 2019
	Shutting down the server with 1 active connection(s) to 1 database(s), 0 active service(s)


DESKTOP-DN35MHE	Sun Dec 01 17:24:02 2019
	Shutting down the server with 1 active connection(s) to 1 database(s), 0 active service(s)


DESKTOP-DN35MHE	Sun Dec 01 17:25:43 2019
	Shutting down the server with 1 active connection(s) to 1 database(s), 0 active service(s)


DESKTOP-DN35MHE	Sun Dec 01 19:02:52 2019
	Shutting down the server with 1 active connection(s) to 1 database(s), 0 active service(s)


DESKTOP-DN35MHE	Sun Dec 01 19:04:23 2019
	Shutting down the server with 1 active connection(s) to 1 database(s), 0 active service(s)


DESKTOP-DN35MHE	Sun Dec 01 19:11:55 2019
	Shutting down the server with 1 active connection(s) to 1 database(s), 0 active service(s)


DESKTOP-DN35MHE	Sun Dec 01 19:12:27 2019
	Shutting down the server with 1 active connection(s) to 1 database(s), 0 active service(s)


DESKTOP-DN35MHE	Sun Dec 01 19:13:25 2019
	Shutting down the server with 1 active connection(s) to 1 database(s), 0 active service(s)


DESKTOP-DN35MHE	Sun Dec 01 19:15:09 2019
	Shutting down the server with 1 active connection(s) to 1 database(s), 0 active service(s)


DESKTOP-DN35MHE	Sun Dec 01 19:16:10 2019
	Shutting down the server with 1 active connection(s) to 1 database(s), 0 active service(s)


DESKTOP-DN35MHE	Sun Dec 01 20:12:15 2019
	Shutting down the server with 1 active connection(s) to 1 database(s), 0 active service(s)


DESKTOP-DN35MHE	Sun Dec 01 20:17:20 2019
	Shutting down the server with 1 active connection(s) to 1 database(s), 0 active service(s)


DESKTOP-DN35MHE	Sun Dec 01 20:41:22 2019
	Shutting down the server with 1 active connection(s) to 1 database(s), 0 active service(s)


DESKTOP-DN35MHE	Sun Dec 01 20:43:59 2019
	Shutting down the server with 1 active connection(s) to 1 database(s), 0 active service(s)


DESKTOP-DN35MHE	Mon Dec 02 19:42:35 2019
	Shutting down the server with 1 active connection(s) to 1 database(s), 0 active service(s)

